[debug] [2021-08-23T13:17:21.195Z] ----------------------------------------------------------------------
[debug] [2021-08-23T13:17:21.196Z] Command:       C:\Program Files\nodejs\node.exe C:\Users\ASUS\AppData\Roaming\npm\node_modules\firebase-tools\lib\bin\firebase.js init database
[debug] [2021-08-23T13:17:21.197Z] CLI Version:   9.16.5
[debug] [2021-08-23T13:17:21.197Z] Platform:      win32
[debug] [2021-08-23T13:17:21.197Z] Node Version:  v14.17.3
[debug] [2021-08-23T13:17:21.197Z] Time:          Mon Aug 23 2021 15:17:21 GMT+0200 (Central European Summer Time)
[debug] [2021-08-23T13:17:21.198Z] ----------------------------------------------------------------------
[debug] 
[debug] [2021-08-23T13:17:21.241Z] > command requires scopes: ["email","openid","https://www.googleapis.com/auth/cloudplatformprojects.readonly","https://www.googleapis.com/auth/firebase","https://www.googleapis.com/auth/cloud-platform"]
[debug] [2021-08-23T13:17:21.241Z] > authorizing via signed-in user (ermelanikolla@gmail.com)
[info] 
     ######## #### ########  ######## ########     ###     ######  ########
     ##        ##  ##     ## ##       ##     ##  ##   ##  ##       ##
     ######    ##  ########  ######   ########  #########  ######  ######
     ##        ##  ##    ##  ##       ##     ## ##     ##       ## ##
     ##       #### ##     ## ######## ########  ##     ##  ######  ########

You're about to initialize a Firebase project in this directory:

  C:\Users\ASUS\angular-students-lectors

Before we get started, keep in mind:

  * You are initializing within an existing Firebase project directory

[info] 
=== Project Setup
[info] 
[info] First, let's associate this project directory with a Firebase project.
[info] You can create multiple project aliases by running firebase use --add, 
[info] but for now we'll just set up a default project.
[info] 
[debug] [2021-08-23T13:17:25.286Z] >>> [apiv2][query] GET https://firebase.googleapis.com/v1beta1/projects/students-lectors [none]
[debug] [2021-08-23T13:17:25.618Z] <<< [apiv2][status] GET https://firebase.googleapis.com/v1beta1/projects/students-lectors 200
[debug] [2021-08-23T13:17:25.618Z] <<< [apiv2][body] GET https://firebase.googleapis.com/v1beta1/projects/students-lectors {"projectId":"students-lectors","projectNumber":"1087181856571","displayName":"students-lectors","name":"projects/students-lectors","resources":{"hostingSite":"students-lectors","storageBucket":"students-lectors.appspot.com","locationId":"europe-west"},"state":"ACTIVE"}
[info] i  Using project students-lectors (students-lectors) 
[info] 
=== Database Setup
[info] i  database: ensuring required API firebasedatabase.googleapis.com is enabled... 
[debug] [2021-08-23T13:17:25.629Z] > refreshing access token with scopes: ["email","https://www.googleapis.com/auth/cloud-platform","https://www.googleapis.com/auth/cloudplatformprojects.readonly","https://www.googleapis.com/auth/firebase","openid"]
[debug] [2021-08-23T13:17:25.630Z] >>> HTTP REQUEST POST https://www.googleapis.com/oauth2/v3/token  
 <request body omitted>
[debug] [2021-08-23T13:17:25.806Z] <<< HTTP RESPONSE 200 {"expires":"Mon, 01 Jan 1990 00:00:00 GMT","date":"Mon, 23 Aug 2021 13:17:25 GMT","cache-control":"no-cache, no-store, max-age=0, must-revalidate","pragma":"no-cache","content-type":"application/json; charset=utf-8","vary":"X-Origin, Referer, Origin,Accept-Encoding","server":"scaffolding on HTTPServer2","x-xss-protection":"0","x-frame-options":"SAMEORIGIN","x-content-type-options":"nosniff","alt-svc":"h3=\":443\"; ma=2592000,h3-29=\":443\"; ma=2592000,h3-T051=\":443\"; ma=2592000,h3-Q050=\":443\"; ma=2592000,h3-Q046=\":443\"; ma=2592000,h3-Q043=\":443\"; ma=2592000,quic=\":443\"; ma=2592000; v=\"46,43\"","accept-ranges":"none","transfer-encoding":"chunked"}
[debug] [2021-08-23T13:17:25.823Z] >>> HTTP REQUEST GET https://serviceusage.googleapis.com/v1/projects/students-lectors/services/firebasedatabase.googleapis.com  
 
[debug] [2021-08-23T13:17:27.030Z] <<< HTTP RESPONSE 200 {"content-type":"application/json; charset=UTF-8","vary":"X-Origin, Referer, Origin,Accept-Encoding","date":"Mon, 23 Aug 2021 13:17:27 GMT","server":"ESF","cache-control":"private","x-xss-protection":"0","x-frame-options":"SAMEORIGIN","x-content-type-options":"nosniff","alt-svc":"h3=\":443\"; ma=2592000,h3-29=\":443\"; ma=2592000,h3-T051=\":443\"; ma=2592000,h3-Q050=\":443\"; ma=2592000,h3-Q046=\":443\"; ma=2592000,h3-Q043=\":443\"; ma=2592000,quic=\":443\"; ma=2592000; v=\"46,43\"","accept-ranges":"none","transfer-encoding":"chunked"}
[warn] !  database: missing required API firebasedatabase.googleapis.com. Enabling now... 
[debug] [2021-08-23T13:17:27.033Z] >>> HTTP REQUEST POST https://serviceusage.googleapis.com/v1/projects/students-lectors/services/firebasedatabase.googleapis.com:enable  
 
[debug] [2021-08-23T13:17:28.906Z] <<< HTTP RESPONSE 200 {"content-type":"application/json; charset=UTF-8","vary":"X-Origin, Referer, Origin,Accept-Encoding","date":"Mon, 23 Aug 2021 13:17:29 GMT","server":"ESF","cache-control":"private","x-xss-protection":"0","x-frame-options":"SAMEORIGIN","x-content-type-options":"nosniff","alt-svc":"h3=\":443\"; ma=2592000,h3-29=\":443\"; ma=2592000,h3-T051=\":443\"; ma=2592000,h3-Q050=\":443\"; ma=2592000,h3-Q046=\":443\"; ma=2592000,h3-Q043=\":443\"; ma=2592000,quic=\":443\"; ma=2592000; v=\"46,43\"","accept-ranges":"none","transfer-encoding":"chunked"}
[debug] [2021-08-23T13:17:38.924Z] >>> HTTP REQUEST GET https://serviceusage.googleapis.com/v1/projects/students-lectors/services/firebasedatabase.googleapis.com  
 
[debug] [2021-08-23T13:17:40.044Z] <<< HTTP RESPONSE 200 {"content-type":"application/json; charset=UTF-8","vary":"X-Origin, Referer, Origin,Accept-Encoding","date":"Mon, 23 Aug 2021 13:17:40 GMT","server":"ESF","cache-control":"private","x-xss-protection":"0","x-frame-options":"SAMEORIGIN","x-content-type-options":"nosniff","alt-svc":"h3=\":443\"; ma=2592000,h3-29=\":443\"; ma=2592000,h3-T051=\":443\"; ma=2592000,h3-Q050=\":443\"; ma=2592000,h3-Q046=\":443\"; ma=2592000,h3-Q043=\":443\"; ma=2592000,quic=\":443\"; ma=2592000; v=\"46,43\"","accept-ranges":"none","transfer-encoding":"chunked"}
[info] +  database: required API firebasedatabase.googleapis.com is enabled 
[info] 
[debug] [2021-08-23T13:17:40.049Z] > refreshing access token with scopes: []
[debug] [2021-08-23T13:17:40.049Z] >>> HTTP REQUEST POST https://www.googleapis.com/oauth2/v3/token  
 <request body omitted>
[debug] [2021-08-23T13:17:40.263Z] <<< HTTP RESPONSE 200 {"cache-control":"no-cache, no-store, max-age=0, must-revalidate","date":"Mon, 23 Aug 2021 13:17:40 GMT","pragma":"no-cache","expires":"Mon, 01 Jan 1990 00:00:00 GMT","content-type":"application/json; charset=utf-8","vary":"X-Origin, Referer, Origin,Accept-Encoding","server":"scaffolding on HTTPServer2","x-xss-protection":"0","x-frame-options":"SAMEORIGIN","x-content-type-options":"nosniff","alt-svc":"h3=\":443\"; ma=2592000,h3-29=\":443\"; ma=2592000,h3-T051=\":443\"; ma=2592000,h3-Q050=\":443\"; ma=2592000,h3-Q046=\":443\"; ma=2592000,h3-Q043=\":443\"; ma=2592000,quic=\":443\"; ma=2592000; v=\"46,43\"","accept-ranges":"none","transfer-encoding":"chunked"}
[debug] [2021-08-23T13:17:40.282Z] >>> [apiv2][query] GET https://firebase.googleapis.com/v1beta1/projects/students-lectors [none]
[debug] [2021-08-23T13:17:40.582Z] <<< [apiv2][status] GET https://firebase.googleapis.com/v1beta1/projects/students-lectors 200
[debug] [2021-08-23T13:17:40.582Z] <<< [apiv2][body] GET https://firebase.googleapis.com/v1beta1/projects/students-lectors {"projectId":"students-lectors","projectNumber":"1087181856571","displayName":"students-lectors","name":"projects/students-lectors","resources":{"hostingSite":"students-lectors","storageBucket":"students-lectors.appspot.com","locationId":"europe-west"},"state":"ACTIVE"}
[info] 
[info] Firebase Realtime Database Security Rules allow you to define how your data should be
[info] structured and when your data can be read from and written to.
[info] 
